Starting UNIAC: The Ultimate Nixie Internet Alarm Clock
Model: UNIAC-S900-Vu-Pro
Attempting to connect to MPD Daemon. Process will time out after 120 seconds.
MPD Connection Error.
Reconnecting to MPD service.
Reconnect failed
MPD Connection Error.
Reconnecting to MPD service.
Reconnect failed
MPD Connection Error.
Reconnecting to MPD service.
Reconnect failed
MPD Connection Error.
Reconnecting to MPD service.
Reconnect failed
MPD Connection Error.
Reconnecting to MPD service.
Reconnect failed
MPD Connection Error.
Reconnecting to MPD service.
Reconnect failed
MPD Connection Error.
Reconnecting to MPD service.
Reconnect failed
MPD Connection Error.
Reconnecting to MPD service.
Reconnect failed
MPD Connection Error.
Reconnecting to MPD service.
Reconnect failed
MPD Connection Error.
Reconnecting to MPD service.
Reconnect failed
MPD Connection Error.
Reconnecting to MPD service.
Reconnect failed
MPD Connection Error.
Reconnecting to MPD service.
Reconnect failed
MPD Connection Error.
Reconnecting to MPD service.
Reconnect failed
MPD Connection Error.
Reconnecting to MPD service.
Reconnect failed
MPD Connection Error.
Reconnecting to MPD service.
Reconnect failed
MPD Connection Error.
Reconnecting to MPD service.
Reconnect failed
MPD Connection Error.
Reconnecting to MPD service.
Reconnect failed
MPD Connection Error.
Reconnecting to MPD service.
Reconnect failed
MPD Connection Error.
Reconnecting to MPD service.
Reconnect failed
MPD Connection Error.
Reconnecting to MPD service.
Reconnect failed
MPD Connection Error.
Reconnecting to MPD service.
Reconnect failed
MPD Connection Error.
Reconnecting to MPD service.
Reconnect failed
