Starting UNIAC: The Ultimate NIxie Alarm Clock
Model: UNIAC-S900-Vu-Pro
Attempting to connect to MPD Daemon. Process will time out after 120 seconds.
Connected Successfully
Starting UNIAC: The Ultimate NIxie Alarm Clock
Model: UNIAC-S900-Vu-Pro
Attempting to connect to MPD Daemon. Process will time out after 120 seconds.
Connected Successfully
Starting UNIAC: The Ultimate NIxie Alarm Clock
Model: UNIAC-S900-Vu-Pro
Attempting to connect to MPD Daemon. Process will time out after 120 seconds.
Connected Successfully
Starting UNIAC: The Ultimate NIxie Alarm Clock
Model: UNIAC-S900-Vu-Pro
Attempting to connect to MPD Daemon. Process will time out after 120 seconds.
Connected Successfully
Starting UNIAC: The Ultimate NIxie Alarm Clock
Model: UNIAC-S900-Vu-Pro
Attempting to connect to MPD Daemon. Process will time out after 120 seconds.
Connected Successfully
Starting UNIAC: The Ultimate NIxie Alarm Clock
Model: UNIAC-S900-Vu-Pro
Attempting to connect to MPD Daemon. Process will time out after 120 seconds.
Connected Successfully
BNL
play
BNL
BNL
All Out 90's (by spotify)
Ambient | Focus Friendly Video Game Music
Electro Swing (by 1237633150)
